<?xml version="1.0" encoding="UTF-8"?>
<testsuite xmlns:xsi="http://www.w3.org/2001/XMLSchema-instance" xsi:noNamespaceSchemaLocation="https://maven.apache.org/surefire/maven-surefire-plugin/xsd/surefire-test-report.xsd" name="hu.bme.mit.spaceship.GT4500Test" time="0.195" tests="13" errors="0" skipped="0" failures="0">
  <properties>
    <property name="java.specification.version" value="13"/>
    <property name="sun.jnu.encoding" value="UTF-8"/>
    <property name="java.class.path" value="/home/stancz/Suli/szofttech/lab4/se-lab-2/target/test-classes:/home/stancz/Suli/szofttech/lab4/se-lab-2/target/classes:/home/stancz/.m2/repository/org/junit/jupiter/junit-jupiter/5.8.2/junit-jupiter-5.8.2.jar:/home/stancz/.m2/repository/org/junit/jupiter/junit-jupiter-api/5.8.2/junit-jupiter-api-5.8.2.jar:/home/stancz/.m2/repository/org/opentest4j/opentest4j/1.2.0/opentest4j-1.2.0.jar:/home/stancz/.m2/repository/org/junit/platform/junit-platform-commons/1.8.2/junit-platform-commons-1.8.2.jar:/home/stancz/.m2/repository/org/apiguardian/apiguardian-api/1.1.2/apiguardian-api-1.1.2.jar:/home/stancz/.m2/repository/org/junit/jupiter/junit-jupiter-params/5.8.2/junit-jupiter-params-5.8.2.jar:/home/stancz/.m2/repository/org/junit/jupiter/junit-jupiter-engine/5.8.2/junit-jupiter-engine-5.8.2.jar:/home/stancz/.m2/repository/org/junit/platform/junit-platform-engine/1.8.2/junit-platform-engine-1.8.2.jar:/home/stancz/.m2/repository/org/mockito/mockito-core/4.4.0/mockito-core-4.4.0.jar:/home/stancz/.m2/repository/net/bytebuddy/byte-buddy/1.12.8/byte-buddy-1.12.8.jar:/home/stancz/.m2/repository/net/bytebuddy/byte-buddy-agent/1.12.8/byte-buddy-agent-1.12.8.jar:/home/stancz/.m2/repository/org/objenesis/objenesis/3.2/objenesis-3.2.jar:"/>
    <property name="java.vm.vendor" value="Oracle Corporation"/>
    <property name="sun.arch.data.model" value="64"/>
    <property name="java.vendor.url" value="https://java.oracle.com/"/>
    <property name="os.name" value="Linux"/>
    <property name="java.vm.specification.version" value="13"/>
    <property name="sun.java.launcher" value="SUN_STANDARD"/>
    <property name="user.country" value="US"/>
    <property name="sun.boot.library.path" value="/opt/jdk-13.0.1/lib"/>
    <property name="sun.java.command" value="/home/stancz/Suli/szofttech/lab4/se-lab-2/target/surefire/surefirebooter17563154272403971593.jar /home/stancz/Suli/szofttech/lab4/se-lab-2/target/surefire 2023-10-18T09-35-31_624-jvmRun1 surefire6067693671757917753tmp surefire_09708354022637661867tmp"/>
    <property name="jdk.debug" value="release"/>
    <property name="surefire.test.class.path" value="/home/stancz/Suli/szofttech/lab4/se-lab-2/target/test-classes:/home/stancz/Suli/szofttech/lab4/se-lab-2/target/classes:/home/stancz/.m2/repository/org/junit/jupiter/junit-jupiter/5.8.2/junit-jupiter-5.8.2.jar:/home/stancz/.m2/repository/org/junit/jupiter/junit-jupiter-api/5.8.2/junit-jupiter-api-5.8.2.jar:/home/stancz/.m2/repository/org/opentest4j/opentest4j/1.2.0/opentest4j-1.2.0.jar:/home/stancz/.m2/repository/org/junit/platform/junit-platform-commons/1.8.2/junit-platform-commons-1.8.2.jar:/home/stancz/.m2/repository/org/apiguardian/apiguardian-api/1.1.2/apiguardian-api-1.1.2.jar:/home/stancz/.m2/repository/org/junit/jupiter/junit-jupiter-params/5.8.2/junit-jupiter-params-5.8.2.jar:/home/stancz/.m2/repository/org/junit/jupiter/junit-jupiter-engine/5.8.2/junit-jupiter-engine-5.8.2.jar:/home/stancz/.m2/repository/org/junit/platform/junit-platform-engine/1.8.2/junit-platform-engine-1.8.2.jar:/home/stancz/.m2/repository/org/mockito/mockito-core/4.4.0/mockito-core-4.4.0.jar:/home/stancz/.m2/repository/net/bytebuddy/byte-buddy/1.12.8/byte-buddy-1.12.8.jar:/home/stancz/.m2/repository/net/bytebuddy/byte-buddy-agent/1.12.8/byte-buddy-agent-1.12.8.jar:/home/stancz/.m2/repository/org/objenesis/objenesis/3.2/objenesis-3.2.jar:"/>
    <property name="sun.cpu.endian" value="little"/>
    <property name="user.home" value="/home/stancz"/>
    <property name="user.language" value="en"/>
    <property name="java.specification.vendor" value="Oracle Corporation"/>
    <property name="java.version.date" value="2019-10-15"/>
    <property name="java.home" value="/opt/jdk-13.0.1"/>
    <property name="file.separator" value="/"/>
    <property name="basedir" value="/home/stancz/Suli/szofttech/lab4/se-lab-2"/>
    <property name="java.vm.compressedOopsMode" value="Zero based"/>
    <property name="line.separator" value="&#10;"/>
    <property name="java.vm.specification.vendor" value="Oracle Corporation"/>
    <property name="java.specification.name" value="Java Platform API Specification"/>
    <property name="surefire.real.class.path" value="/home/stancz/Suli/szofttech/lab4/se-lab-2/target/surefire/surefirebooter17563154272403971593.jar"/>
    <property name="sun.management.compiler" value="HotSpot 64-Bit Tiered Compilers"/>
    <property name="java.runtime.version" value="13.0.1+9"/>
    <property name="user.name" value="stancz"/>
    <property name="path.separator" value=":"/>
    <property name="os.version" value="6.2.0-34-generic"/>
    <property name="java.runtime.name" value="OpenJDK Runtime Environment"/>
    <property name="file.encoding" value="UTF-8"/>
    <property name="java.vm.name" value="OpenJDK 64-Bit Server VM"/>
    <property name="localRepository" value="/home/stancz/.m2/repository"/>
    <property name="java.vendor.url.bug" value="https://bugreport.java.com/bugreport/"/>
    <property name="java.io.tmpdir" value="/tmp"/>
    <property name="java.version" value="13.0.1"/>
    <property name="user.dir" value="/home/stancz/Suli/szofttech/lab4/se-lab-2"/>
    <property name="os.arch" value="amd64"/>
    <property name="java.vm.specification.name" value="Java Virtual Machine Specification"/>
    <property name="java.library.path" value="/usr/java/packages/lib:/usr/lib64:/lib64:/lib:/usr/lib"/>
    <property name="java.vm.info" value="mixed mode, sharing"/>
    <property name="java.vendor" value="Oracle Corporation"/>
    <property name="java.vm.version" value="13.0.1+9"/>
    <property name="sun.io.unicode.encoding" value="UnicodeLittle"/>
    <property name="java.class.version" value="57.0"/>
  </properties>
  <testcase name="runCommandsFromFile_Success{File, File}[1]" classname="hu.bme.mit.spaceship.GT4500Test" time="0.085"/>
  <testcase name="runCommandsFromFile_Success{File, File}[2]" classname="hu.bme.mit.spaceship.GT4500Test" time="0.004"/>
  <testcase name="runCommandsFromFile_Success{File, File}[3]" classname="hu.bme.mit.spaceship.GT4500Test" time="0.004"/>
  <testcase name="runCommandsFromFile_Success{File, File}[4]" classname="hu.bme.mit.spaceship.GT4500Test" time="0.003"/>
  <testcase name="runCommandsFromFile_Success{File, File}[5]" classname="hu.bme.mit.spaceship.GT4500Test" time="0.003"/>
  <testcase name="runCommandsFromFile_Success{File, File}[6]" classname="hu.bme.mit.spaceship.GT4500Test" time="0.002"/>
  <testcase name="runCommandsFromFile_Success{File, File}[7]" classname="hu.bme.mit.spaceship.GT4500Test" time="0.003"/>
  <testcase name="runCommandsFromFile_Success{File, File}[8]" classname="hu.bme.mit.spaceship.GT4500Test" time="0.001"/>
  <testcase name="runCommandsFromFile_Success{File, File}[9]" classname="hu.bme.mit.spaceship.GT4500Test" time="0.002"/>
  <testcase name="runCommandsFromFile_Success{File, File}[10]" classname="hu.bme.mit.spaceship.GT4500Test" time="0.002"/>
  <testcase name="runCommandsFromFile_Success{File, File}[11]" classname="hu.bme.mit.spaceship.GT4500Test" time="0.002"/>
  <testcase name="fireTorpedo_Single_Success" classname="hu.bme.mit.spaceship.GT4500Test" time="0.001"/>
  <testcase name="fireTorpedo_All_Success" classname="hu.bme.mit.spaceship.GT4500Test" time="0"/>
</testsuite>